SF:gendiff\__init__.py
DA:1,1
DA:3,1
LF:2
LH:2
end_of_record
SF:gendiff\formatters\__init__.py
end_of_record
SF:gendiff\formatters\json.py
DA:1,1
DA:4,1
DA:5,1
DA:8,1
DA:9,0
DA:10,0
DA:11,0
DA:12,0
DA:13,0
DA:16,1
DA:17,0
DA:18,0
DA:19,0
LF:13
LH:5
FN:4,5,format_json
FNDA:1,format_json
FN:8,13,normalize
FNDA:0,normalize
FN:16,19,format_value
FNDA:0,format_value
FNF:3
FNH:1
end_of_record
SF:gendiff\formatters\plain.py
DA:1,1
DA:3,1
DA:5,1
DA:6,1
DA:7,1
DA:8,1
DA:9,1
DA:11,1
DA:12,0
DA:13,1
DA:14,1
DA:15,1
DA:18,1
DA:19,1
DA:20,1
DA:21,1
DA:22,1
DA:23,1
DA:28,1
DA:29,1
DA:32,1
DA:34,1
DA:35,0
DA:36,1
DA:37,0
DA:38,1
DA:39,1
DA:40,1
DA:41,0
DA:42,1
LF:30
LH:26
FN:1,29,format_plain
FNDA:1,format_plain
FN:5,25,format_plain.walk
FNDA:1,format_plain.walk
FN:32,42,stringify
FNDA:1,stringify
FNF:3
FNH:3
end_of_record
SF:gendiff\formatters\stylish.py
DA:1,1
DA:3,1
DA:4,0
DA:5,0
DA:6,0
DA:7,0
DA:8,0
DA:9,0
DA:10,1
DA:11,1
DA:12,1
DA:13,0
DA:14,1
DA:17,1
DA:18,1
DA:19,1
DA:20,1
DA:21,1
DA:22,1
DA:23,0
DA:24,1
DA:27,1
DA:29,1
DA:30,1
DA:32,1
DA:33,1
DA:35,1
DA:36,1
DA:37,1
DA:39,1
DA:40,0
DA:41,0
DA:42,1
DA:44,1
DA:47,1
DA:48,1
DA:51,1
DA:52,1
DA:55,1
DA:56,1
DA:59,1
DA:63,1
LF:42
LH:32
FN:1,14,to_str
FNDA:1,to_str
FN:17,24,_has_changes
FNDA:1,_has_changes
FN:27,63,format_stylish
FNDA:1,format_stylish
FNF:3
FNH:3
end_of_record
SF:gendiff\generate_diff.py
DA:1,1
DA:2,1
DA:3,1
DA:4,1
DA:5,1
DA:8,1
DA:9,1
DA:10,1
DA:11,1
DA:13,1
DA:14,1
DA:15,1
DA:16,1
DA:17,1
DA:18,1
DA:20,0
DA:23,1
DA:25,1
DA:26,1
DA:27,1
DA:28,1
DA:29,1
DA:32,1
DA:34,1
DA:35,1
DA:37,1
DA:38,1
DA:39,1
DA:40,1
DA:41,1
DA:42,1
DA:43,0
DA:48,1
DA:49,1
DA:51,1
DA:58,1
LF:36
LH:34
FN:8,20,generate_diff
FNDA:1,generate_diff
FN:23,29,parse_file
FNDA:1,parse_file
FN:32,58,build_diff
FNDA:1,build_diff
FNF:3
FNH:3
end_of_record
SF:tests\test_gendiff.py
DA:1,1
DA:4,1
DA:6,1
DA:9,1
DA:10,1
DA:11,1
DA:12,1
DA:14,1
DA:15,1
DA:17,1
DA:18,1
LF:11
LH:11
FN:4,6,normalize_diff
FNDA:1,normalize_diff
FN:9,18,test_gendiff_json
FNDA:1,test_gendiff_json
FNF:2
FNH:2
end_of_record
SF:tests\test_gendiff_cli.py
DA:1,1
DA:2,1
DA:3,1
DA:5,1
DA:6,1
DA:7,1
DA:8,1
DA:9,1
DA:12,1
DA:14,1
DA:20,1
DA:23,1
DA:26,1
DA:27,1
DA:28,1
DA:29,1
DA:32,1
DA:33,1
DA:34,1
DA:35,1
DA:38,1
DA:39,1
DA:40,1
DA:41,1
DA:44,1
DA:46,1
DA:47,1
DA:48,1
LF:28
LH:28
FN:12,23,run_cli
FNDA:1,run_cli
FN:26,29,test_cli_stylish_json_files
FNDA:1,test_cli_stylish_json_files
FN:32,35,test_cli_json_format
FNDA:1,test_cli_json_format
FN:38,41,test_cli_stylish_yml_files
FNDA:1,test_cli_stylish_yml_files
FN:44,48,test_cli_json_format_with_yml_files
FNDA:1,test_cli_json_format_with_yml_files
FNF:5
FNH:5
end_of_record
SF:tests\test_gendiff_yml.py
DA:1,1
DA:2,1
DA:5,1
DA:6,1
DA:7,1
DA:8,1
DA:9,1
DA:11,1
DA:12,1
DA:14,1
DA:15,1
LF:11
LH:11
FN:5,15,test_gendiff_yml
FNDA:1,test_gendiff_yml
FNF:1
FNH:1
end_of_record
SF:tests\test_generate_diff.py
DA:1,1
DA:2,1
DA:4,1
DA:7,1
DA:8,1
DA:11,1
DA:12,1
DA:13,1
DA:16,1
DA:17,1
DA:18,1
DA:19,1
DA:20,1
DA:23,1
DA:24,1
DA:25,1
DA:26,1
DA:27,1
DA:30,1
DA:31,1
DA:32,1
DA:33,1
DA:34,1
DA:37,1
DA:40,1
DA:41,1
DA:42,1
DA:45,1
DA:46,1
DA:47,1
DA:48,1
DA:49,1
LF:32
LH:32
FN:7,8,fixtures_path
FNDA:1,fixtures_path
FN:11,13,read_file
FNDA:1,read_file
FN:16,20,test_generate_diff_json
FNDA:1,test_generate_diff_json
FN:23,27,test_generate_diff_json_format
FNDA:1,test_generate_diff_json_format
FN:30,34,test_generate_diff_yml
FNDA:1,test_generate_diff_yml
FN:40,42,test_generate_diff_identical_files
FNDA:1,test_generate_diff_identical_files
FN:45,49,test_generate_diff_plain
FNDA:1,test_generate_diff_plain
FNF:7
FNH:7
end_of_record
